<?xml version="1.0" encoding="UTF-8"?>
<!-- Generated by org.testng.reporters.JUnitReportReporter -->
<testsuite hostname="DESKTOP-MOLJQRB" failures="0" tests="2" name="rahulshettyacademy.Tests.ErrorValidationsTest" time="14.419" errors="0" timestamp="2024-07-08T10:58:14 IST" skipped="0">
  <testcase classname="rahulshettyacademy.Tests.ErrorValidationsTest" name="productErrorValidation" time="8.384"/>
  <testcase classname="rahulshettyacademy.Tests.ErrorValidationsTest" name="loginErrorValidation" time="6.035"/>
</testsuite> <!-- rahulshettyacademy.Tests.ErrorValidationsTest -->
