<?xml version="1.0" encoding="UTF-8"?>
<!-- Generated by org.testng.reporters.JUnitReportReporter -->
<testsuite hostname="DESKTOP-MOLJQRB" failures="0" tests="3" name="rahulshettyacademy.Tests.SubmitOrderTest" time="25.297" errors="0" timestamp="2024-07-06T15:55:01 IST" skipped="0">
  <testcase classname="rahulshettyacademy.Tests.SubmitOrderTest" name="submitOrder" time="9.049"/>
  <testcase classname="rahulshettyacademy.Tests.SubmitOrderTest" name="submitOrder" time="9.052"/>
  <testcase classname="rahulshettyacademy.Tests.SubmitOrderTest" name="orderHistoryPage" time="7.196"/>
</testsuite> <!-- rahulshettyacademy.Tests.SubmitOrderTest -->
