<?xml version="1.0" encoding="UTF-8"?>
<!-- Generated by org.testng.reporters.JUnitReportReporter -->
<testsuite hostname="DESKTOP-MOLJQRB" failures="0" tests="2" name="rahulshettyacademy.Tests.ErrorValidations" time="17.271" errors="0" timestamp="2024-07-03T16:08:50 IST" skipped="0">
  <testcase classname="rahulshettyacademy.Tests.ErrorValidations" name="productErrorValidation" time="11.732"/>
  <testcase classname="rahulshettyacademy.Tests.ErrorValidations" name="loginErrorValidation" time="5.539"/>
</testsuite> <!-- rahulshettyacademy.Tests.ErrorValidations -->
