<?xml version="1.0" encoding="UTF-8"?>
<!-- Generated by org.testng.reporters.JUnitReportReporter -->
<testsuite hostname="DESKTOP-MOLJQRB" failures="0" tests="1" name="rahulshettyacademy.Tests.ErrorValidationsTest" time="8.444" errors="0" timestamp="2024-07-08T15:46:59 IST" skipped="0">
  <testcase classname="rahulshettyacademy.Tests.ErrorValidationsTest" name="loginErrorValidation" time="8.444"/>
</testsuite> <!-- rahulshettyacademy.Tests.ErrorValidationsTest -->
