<?xml version="1.0" encoding="UTF-8"?>
<!-- Generated by org.testng.reporters.JUnitReportReporter -->
<testsuite hostname="DESKTOP-MOLJQRB" failures="0" tests="2" name="rahulshettyacademy.Tests.SubmitOrderTest" time="20.971" errors="0" timestamp="2024-07-08T14:21:58 IST" skipped="0">
  <testcase classname="rahulshettyacademy.Tests.SubmitOrderTest" name="submitOrder" time="12.382"/>
  <testcase classname="rahulshettyacademy.Tests.SubmitOrderTest" name="submitOrder" time="8.589"/>
</testsuite> <!-- rahulshettyacademy.Tests.SubmitOrderTest -->
